#
# There is insufficient memory for the Java Runtime Environment to continue.
# Native memory allocation (malloc) failed to allocate 1048576 bytes. Error detail: AllocateHeap
# Possible reasons:
#   The system is out of physical RAM or swap space
#   This process is running with CompressedOops enabled, and the Java Heap may be blocking the growth of the native heap
# Possible solutions:
#   Reduce memory load on the system
#   Increase physical memory or swap space
#   Check if swap backing store is full
#   Decrease Java heap size (-Xmx/-Xms)
#   Decrease number of Java threads
#   Decrease Java thread stack sizes (-Xss)
#   Set larger code cache with -XX:ReservedCodeCacheSize=
#   JVM is running with Unscaled Compressed Oops mode in which the Java heap is
#     placed in the first 4GB address space. The Java Heap base address is the
#     maximum limit for the native heap growth. Please use -XX:HeapBaseMinAddress
#     to set the Java Heap base and to place the Java Heap above 4GB virtual address.
# This output file may be truncated or incomplete.
#
#  Out of Memory Error (allocation.cpp:44), pid=11300, tid=21660
#
# JRE version: OpenJDK Runtime Environment Temurin-21.0.10+7 (21.0.10+7) (build 21.0.10+7-LTS)
# Java VM: OpenJDK 64-Bit Server VM Temurin-21.0.10+7 (21.0.10+7-LTS, mixed mode, sharing, tiered, compressed oops, compressed class ptrs, parallel gc, windows-amd64)
# No core dump will be written. Minidumps are not enabled by default on client versions of Windows
#

---------------  S U M M A R Y ------------

Command Line: --add-modules=ALL-SYSTEM --add-opens=java.base/java.util=ALL-UNNAMED --add-opens=java.base/java.lang=ALL-UNNAMED --add-opens=java.base/sun.nio.fs=ALL-UNNAMED -Declipse.application=org.eclipse.jdt.ls.core.id1 -Dosgi.bundles.defaultStartLevel=4 -Declipse.product=org.eclipse.jdt.ls.core.product -Djava.import.generatesMetadataFilesAtProjectRoot=false -DDetectVMInstallationsJob.disabled=true -Dfile.encoding=utf8 -XX:+UseParallelGC -XX:GCTimeRatio=4 -XX:AdaptiveSizePolicyWeight=90 -Dsun.zip.disableMemoryMapping=true -Xmx2G -Xms100m -Xlog:disable -javaagent:c:\Users\Atul\.vscode\extensions\redhat.java-1.54.0-win32-x64\lombok\lombok-1.18.39-4050.jar -XX:+HeapDumpOnOutOfMemoryError -XX:HeapDumpPath=c:\Users\Atul\AppData\Roaming\Code\User\workspaceStorage\9998c350a014ea2e6ca6e53fa989339e\redhat.java -Daether.dependencyCollector.impl=bf c:\Users\Atul\.vscode\extensions\redhat.java-1.54.0-win32-x64\server\plugins\org.eclipse.equinox.launcher_1.7.100.v20251111-0406.jar -configuration c:\Users\Atul\AppData\Roaming\Code\User\globalStorage\redhat.java\1.54.0\config_win -data c:\Users\Atul\AppData\Roaming\Code\User\workspaceStorage\9998c350a014ea2e6ca6e53fa989339e\redhat.java\jdt_ws --pipe=\\.\pipe\lsp-b07a0c51bcaa39695915364734936abf-sock

Host: Intel(R) Core(TM) i5-8350U CPU @ 1.70GHz, 8 cores, 15G,  Windows 10 , 64 bit Build 19041 (10.0.19041.5915)
Time: Fri May 22 14:02:19 2026 India Standard Time elapsed time: 4390.419418 seconds (0d 1h 13m 10s)

---------------  T H R E A D  ---------------

Current thread (0x0000019231744420):  JavaThread "Attach Listener" daemon [_thread_in_vm, id=21660, stack(0x00000002fae00000,0x00000002faf00000) (1024K)]

Stack: [0x00000002fae00000,0x00000002faf00000]
Native frames: (J=compiled Java code, j=interpreted, Vv=VM code, C=native code)
V  [jvm.dll+0x6d7a39]
V  [jvm.dll+0x8b4b26]
V  [jvm.dll+0x8b70de]
V  [jvm.dll+0x8b77c3]
V  [jvm.dll+0x284346]
V  [jvm.dll+0xc1277]
V  [jvm.dll+0x6d82e9]
V  [jvm.dll+0x1334a6]
V  [jvm.dll+0x3f857e]
V  [jvm.dll+0x85f59d]
V  [jvm.dll+0x6d626d]
C  [ucrtbase.dll+0x21bb2]
C  [KERNEL32.DLL+0x17374]
C  [ntdll.dll+0x4cc91]


---------------  P R O C E S S  ---------------

Threads class SMR info:
_java_thread_list=0x000001927d358d70, length=51, elements={
0x0000019218a254c0, 0x000001923173fe10, 0x0000019231741720, 0x0000019231743030,
0x0000019231744420, 0x0000019231745ae0, 0x0000019231749560, 0x000001923174ad90,
0x00000192317837c0, 0x0000019274322dc0, 0x000001927443dcf0, 0x0000019274ac5a00,
0x000001923178a3e0, 0x000001927421ebd0, 0x0000019274cb18a0, 0x0000019279232130,
0x0000019274c3f8a0, 0x0000019274412020, 0x0000019279873a80, 0x00000192798719b0,
0x0000019279871320, 0x000001927acb5f30, 0x000001927acb0350, 0x000001927acb3140,
0x000001927acb37d0, 0x000001927acb65c0, 0x000001927acb3e60, 0x000001927acb58a0,
0x000001927acb6c50, 0x000001927acb7970, 0x000001927acb44f0, 0x000001927acb09e0,
0x000001927aa61ff0, 0x000001927aa63a30, 0x000001927aa5f200, 0x000001927aa633a0,
0x000001927aa60c40, 0x000001927aa605b0, 0x000001927aa612d0, 0x000001927b1d3af0,
0x000001927b1cec30, 0x000001927b1d4180, 0x000001927b1d2740, 0x000001927b1d4ea0,
0x000001927b1d6250, 0x000001927b1cf950, 0x000001927b1cffe0, 0x000001927aa61960,
0x000001927aa62d10, 0x000001927aa640c0, 0x000001927aa5d7c0
}

Java Threads: ( => current thread )
  0x0000019218a254c0 JavaThread "main"                              [_thread_blocked, id=10828, stack(0x00000002fa700000,0x00000002fa800000) (1024K)]
  0x000001923173fe10 JavaThread "Reference Handler"          daemon [_thread_blocked, id=10396, stack(0x00000002fab00000,0x00000002fac00000) (1024K)]
  0x0000019231741720 JavaThread "Finalizer"                  daemon [_thread_blocked, id=18796, stack(0x00000002fac00000,0x00000002fad00000) (1024K)]
  0x0000019231743030 JavaThread "Signal Dispatcher"          daemon [_thread_blocked, id=20584, stack(0x00000002fad00000,0x00000002fae00000) (1024K)]
=>0x0000019231744420 JavaThread "Attach Listener"            daemon [_thread_in_vm, id=21660, stack(0x00000002fae00000,0x00000002faf00000) (1024K)]
  0x0000019231745ae0 JavaThread "Service Thread"             daemon [_thread_blocked, id=9580, stack(0x00000002faf00000,0x00000002fb000000) (1024K)]
  0x0000019231749560 JavaThread "Monitor Deflation Thread"   daemon [_thread_blocked, id=13092, stack(0x00000002fb000000,0x00000002fb100000) (1024K)]
  0x000001923174ad90 JavaThread "C2 CompilerThread0"         daemon [_thread_blocked, id=4808, stack(0x00000002fb100000,0x00000002fb200000) (1024K)]
  0x00000192317837c0 JavaThread "C1 CompilerThread0"         daemon [_thread_blocked, id=4400, stack(0x00000002fb200000,0x00000002fb300000) (1024K)]
  0x0000019274322dc0 JavaThread "Common-Cleaner"             daemon [_thread_blocked, id=19244, stack(0x00000002fb300000,0x00000002fb400000) (1024K)]
  0x000001927443dcf0 JavaThread "Notification Thread"        daemon [_thread_blocked, id=19184, stack(0x00000002fb500000,0x00000002fb600000) (1024K)]
  0x0000019274ac5a00 JavaThread "Active Thread: Equinox Container: 2198b5f6-4c64-4c48-b506-e5ab0c10a562"        [_thread_blocked, id=20332, stack(0x00000002fbc00000,0x00000002fbd00000) (1024K)]
  0x000001923178a3e0 JavaThread "Refresh Thread: Equinox Container: 2198b5f6-4c64-4c48-b506-e5ab0c10a562" daemon [_thread_blocked, id=16720, stack(0x00000002fbd00000,0x00000002fbe00000) (1024K)]
  0x000001927421ebd0 JavaThread "Framework Event Dispatcher: Equinox Container: 2198b5f6-4c64-4c48-b506-e5ab0c10a562" daemon [_thread_blocked, id=12120, stack(0x00000002fbe00000,0x00000002fbf00000) (1024K)]
  0x0000019274cb18a0 JavaThread "Start Level: Equinox Container: 2198b5f6-4c64-4c48-b506-e5ab0c10a562" daemon [_thread_blocked, id=10044, stack(0x00000002fbf00000,0x00000002fc000000) (1024K)]
  0x0000019279232130 JavaThread "Bundle File Closer"         daemon [_thread_blocked, id=5136, stack(0x00000002fc100000,0x00000002fc200000) (1024K)]
  0x0000019274c3f8a0 JavaThread "SCR Component Actor"        daemon [_thread_blocked, id=12472, stack(0x00000002fc000000,0x00000002fc100000) (1024K)]
  0x0000019274412020 JavaThread "Worker-JM"                         [_thread_blocked, id=20600, stack(0x00000002fc300000,0x00000002fc400000) (1024K)]
  0x0000019279873a80 JavaThread "Java indexing"              daemon [_thread_blocked, id=13672, stack(0x00000002fc900000,0x00000002fca00000) (1024K)]
  0x00000192798719b0 JavaThread "JNA Cleaner"                daemon [_thread_blocked, id=11692, stack(0x00000002fca00000,0x00000002fcb00000) (1024K)]
  0x0000019279871320 JavaThread "Thread-1"                   daemon [_thread_in_native, id=16664, stack(0x00000002fcf00000,0x00000002fd000000) (1024K)]
  0x000001927acb5f30 JavaThread "Thread-2"                   daemon [_thread_in_native, id=8928, stack(0x00000002fd000000,0x00000002fd100000) (1024K)]
  0x000001927acb0350 JavaThread "Thread-3"                   daemon [_thread_in_native, id=19900, stack(0x00000002fd100000,0x00000002fd200000) (1024K)]
  0x000001927acb3140 JavaThread "Thread-4"                   daemon [_thread_in_native, id=7484, stack(0x00000002fd200000,0x00000002fd300000) (1024K)]
  0x000001927acb37d0 JavaThread "Thread-5"                   daemon [_thread_in_native, id=16936, stack(0x00000002fd300000,0x00000002fd400000) (1024K)]
  0x000001927acb65c0 JavaThread "Thread-6"                   daemon [_thread_in_native, id=2736, stack(0x00000002fd400000,0x00000002fd500000) (1024K)]
  0x000001927acb3e60 JavaThread "Thread-7"                   daemon [_thread_in_native, id=21552, stack(0x00000002fd500000,0x00000002fd600000) (1024K)]
  0x000001927acb58a0 JavaThread "Thread-8"                   daemon [_thread_in_native, id=20856, stack(0x00000002fd600000,0x00000002fd700000) (1024K)]
  0x000001927acb6c50 JavaThread "Thread-9"                   daemon [_thread_in_native, id=21424, stack(0x00000002fd700000,0x00000002fd800000) (1024K)]
  0x000001927acb7970 JavaThread "pool-2-thread-1"                   [_thread_blocked, id=20592, stack(0x00000002fd800000,0x00000002fd900000) (1024K)]
  0x000001927acb44f0 JavaThread "WorkspaceEventsHandler"            [_thread_blocked, id=9964, stack(0x00000002fd900000,0x00000002fda00000) (1024K)]
  0x000001927acb09e0 JavaThread "pool-1-thread-1"                   [_thread_blocked, id=21428, stack(0x00000002fda00000,0x00000002fdb00000) (1024K)]
  0x000001927aa61ff0 JavaThread "Cleaner-0"                  daemon [_thread_blocked, id=8948, stack(0x00000002fce00000,0x00000002fcf00000) (1024K)]
  0x000001927aa63a30 JavaThread "Worker-21"                         [_thread_blocked, id=20696, stack(0x00000002fc500000,0x00000002fc600000) (1024K)]
  0x000001927aa5f200 JavaThread "ForkJoinPool.commonPool-worker-23" daemon [_thread_blocked, id=7076, stack(0x00000002fc600000,0x00000002fc700000) (1024K)]
  0x000001927aa633a0 JavaThread "Compiler Source File Reader" daemon [_thread_blocked, id=4044, stack(0x00000002fc700000,0x00000002fc800000) (1024K)]
  0x000001927aa60c40 JavaThread "ForkJoinPool.commonPool-worker-24" daemon [_thread_blocked, id=11832, stack(0x00000002fcb00000,0x00000002fcc00000) (1024K)]
  0x000001927aa605b0 JavaThread "ForkJoinPool.commonPool-worker-25" daemon [_thread_blocked, id=18684, stack(0x00000002fcc00000,0x00000002fcd00000) (1024K)]
  0x000001927aa612d0 JavaThread "ForkJoinPool.commonPool-worker-26" daemon [_thread_blocked, id=21624, stack(0x00000002fcd00000,0x00000002fce00000) (1024K)]
  0x000001927b1d3af0 JavaThread "Worker-26"                         [_thread_blocked, id=20060, stack(0x00000002fdb00000,0x00000002fdc00000) (1024K)]
  0x000001927b1cec30 JavaThread "Compiler Source File Reader" daemon [_thread_blocked, id=7932, stack(0x00000002fdd00000,0x00000002fde00000) (1024K)]
  0x000001927b1d4180 JavaThread "Compiler Source File Reader" daemon [_thread_blocked, id=21124, stack(0x00000002fde00000,0x00000002fdf00000) (1024K)]
  0x000001927b1d2740 JavaThread "Worker-28"                         [_thread_blocked, id=16540, stack(0x00000002fa400000,0x00000002fa500000) (1024K)]
  0x000001927b1d4ea0 JavaThread "Compiler Source File Reader" daemon [_thread_blocked, id=6372, stack(0x00000002fa500000,0x00000002fa600000) (1024K)]
  0x000001927b1d6250 JavaThread "Compiler Processing Task"   daemon [_thread_blocked, id=14976, stack(0x00000002fa600000,0x00000002fa700000) (1024K)]
  0x000001927b1cf950 JavaThread "Worker-29"                         [_thread_blocked, id=4032, stack(0x00000002fc200000,0x00000002fc300000) (1024K)]
  0x000001927b1cffe0 JavaThread "Compiler Source File Reader" daemon [_thread_blocked, id=23264, stack(0x00000002fc400000,0x00000002fc500000) (1024K)]
  0x000001927aa61960 JavaThread "Compiler Source File Reader" daemon [_thread_blocked, id=18524, stack(0x00000002fc800000,0x00000002fc900000) (1024K)]
  0x000001927aa62d10 JavaThread "Worker-30"                         [_thread_blocked, id=4716, stack(0x00000002fdc00000,0x00000002fdd00000) (1024K)]
  0x000001927aa640c0 JavaThread "ForkJoinPool.commonPool-worker-27" daemon [_thread_blocked, id=9796, stack(0x00000002fdf00000,0x00000002fe000000) (1024K)]
  0x000001927aa5d7c0 JavaThread "Worker-31"                         [_thread_blocked, id=16132, stack(0x00000002fe000000,0x00000002fe100000) (1024K)]
Total: 51

Other Threads:
  0x0000019231732780 VMThread "VM Thread"                           [id=9388, stack(0x00000002faa00000,0x00000002fab00000) (1024K)]
  0x000001923166cb20 WatcherThread "VM Periodic Task Thread"        [id=16356, stack(0x00000002fa900000,0x00000002faa00000) (1024K)]
  0x000001921acee5c0 WorkerThread "GC Thread#0"                     [id=4040, stack(0x00000002fa800000,0x00000002fa900000) (1024K)]
  0x0000019274bfa6b0 WorkerThread "GC Thread#1"                     [id=19632, stack(0x00000002fb600000,0x00000002fb700000) (1024K)]
  0x0000019274bfaa60 WorkerThread "GC Thread#2"                     [id=22040, stack(0x00000002fb700000,0x00000002fb800000) (1024K)]
  0x0000019274bd94d0 WorkerThread "GC Thread#3"                     [id=19852, stack(0x00000002fb800000,0x00000002fb900000) (1024K)]
  0x0000019274bd9880 WorkerThread "GC Thread#4"                     [id=7468, stack(0x00000002fb900000,0x00000002fba00000) (1024K)]
  0x0000019274bd9c30 WorkerThread "GC Thread#5"                     [id=928, stack(0x00000002fba00000,0x00000002fbb00000) (1024K)]
  0x0000019274bd9fe0 WorkerThread "GC Thread#6"                     [id=13912, stack(0x00000002fbb00000,0x00000002fbc00000) (1024K)]
  0x000001923174c610 WorkerThread "GC Thread#7"                     [id=20404, stack(0x00000002fb400000,0x00000002fb500000) (1024K)]
Total: 10

Threads with active compile tasks:
Total: 0

VM state: not at safepoint (normal execution)

VM Mutex/Monitor currently owned by a thread: None

Heap address: 0x0000000080000000, size: 2048 MB, Compressed Oops mode: 32-bit

CDS archive(s) mapped at: [0x0000019232000000-0x0000019232ba0000-0x0000019232ba0000), size 12189696, SharedBaseAddress: 0x0000019232000000, ArchiveRelocationMode: 1.
Compressed class space mapped at: 0x0000019233000000-0x0000019273000000, reserved size: 1073741824
Narrow klass base: 0x0000019232000000, Narrow klass shift: 0, Narrow klass range: 0x100000000

GC Precious Log:
 CardTable entry size: 512
 CPUs: 8 total, 8 available
 Memory: 16258M
 Large Page Support: Disabled
 NUMA Support: Disabled
 Compressed Oops: Enabled (32-bit)
 Alignments: Space 512K, Generation 512K, Heap 2M
 Heap Min Capacity: 100M
 Heap Initial Capacity: 100M
 Heap Max Capacity: 2G
 Pre-touch: Disabled
 Parallel Workers: 8

Heap:
 PSYoungGen      total 3072K, used 2750K [0x00000000d5580000, 0x00000000d5980000, 0x0000000100000000)
  eden space 2560K, 94% used [0x00000000d5580000,0x00000000d57df9e0,0x00000000d5800000)
  from space 512K, 62% used [0x00000000d5900000,0x00000000d5950000,0x00000000d5980000)
  to   space 512K, 0% used [0x00000000d5880000,0x00000000d5880000,0x00000000d5900000)
 ParOldGen       total 1054720K, used 1054352K [0x0000000080000000, 0x00000000c0600000, 0x00000000d5580000)
  object space 1054720K, 99% used [0x0000000080000000,0x00000000c05a40e8,0x00000000c0600000)
 Metaspace       used 84962K, committed 86720K, reserved 1179648K
  class space    used 8818K, committed 9600K, reserved 1048576K

Card table byte_map: [0x000001921a6b0000,0x000001921aac0000] _byte_map_base: 0x000001921a2b0000

Marking Bits: (ParMarkBitMap*) 0x00007ff901f93450
 Begin Bits: [0x000001922d190000, 0x000001922f190000)
 End Bits:   [0x000001922f190000, 0x0000019231190000)

Polling page: 0x000001921a4a0000

Metaspace:

Usage:
  Non-class:     74.36 MB used.
      Class:      8.61 MB used.
       Both:     82.97 MB used.

Virtual space:
  Non-class space:      128.00 MB reserved,      75.31 MB ( 59%) committed,  2 nodes.
      Class space:        1.00 GB reserved,       9.38 MB ( <1%) committed,  1 nodes.
             Both:        1.12 GB reserved,      84.69 MB (  7%) committed. 

Chunk freelists:
   Non-Class:  4.65 MB
       Class:  6.54 MB
        Both:  11.20 MB

MaxMetaspaceSize: unlimited
CompressedClassSpaceSize: 1.00 GB
Initial GC threshold: 21.00 MB
Current GC threshold: 136.69 MB
CDS: on
 - commit_granule_bytes: 65536.
 - commit_granule_words: 8192.
 - virtual_space_node_default_size: 8388608.
 - enlarge_chunks_in_place: 1.
 - use_allocation_guard: 0.


Internal statistics:

num_allocs_failed_limit: 13.
num_arena_births: 1600.
num_arena_deaths: 48.
num_vsnodes_births: 3.
num_vsnodes_deaths: 0.
num_space_committed: 1355.
num_space_uncommitted: 0.
num_chunks_returned_to_freelist: 75.
num_chunks_taken_from_freelist: 5622.
num_chunk_merges: 23.
num_chunk_splits: 3360.
num_chunks_enlarged: 1827.
num_inconsistent_stats: 0.

CodeHeap 'non-profiled nmethods': size=120000Kb used=18225Kb max_used=18225Kb free=101774Kb
 bounds [0x00000192259b0000, 0x0000019226b80000, 0x000001922cee0000]
CodeHeap 'profiled nmethods': size=120000Kb used=43164Kb max_used=43164Kb free=76835Kb
 bounds [0x000001921dee0000, 0x0000019220910000, 0x0000019225410000]
CodeHeap 'non-nmethods': size=5760Kb used=1522Kb max_used=1705Kb free=4237Kb
 bounds [0x0000019225410000, 0x0000019225680000, 0x00000192259b0000]
CodeCache: size=245760Kb, used=62911Kb, max_used=63094Kb, free=182846Kb
 total_blobs=18569, nmethods=17722, adapters=750, full_count=0
Compilation: enabled, stopped_count=0, restarted_count=0

Compilation events (20 events):
Event: 4343.925 Thread 0x00000192317837c0 19591       1       org.eclipse.lsp4j.ConfigurationItem::setSection (6 bytes)
Event: 4343.926 Thread 0x00000192317837c0 nmethod 19591 0x0000019226b7ad90 code [0x0000019226b7af20, 0x0000019226b7b000]
Event: 4343.933 Thread 0x00000192317837c0 19592       3       org.eclipse.jdt.core.dom.VariableBinding::getModifiers (37 bytes)
Event: 4343.934 Thread 0x00000192317837c0 nmethod 19592 0x0000019220903f90 code [0x0000019220904180, 0x00000192209046c0]
Event: 4343.934 Thread 0x00000192317837c0 19593       3       org.eclipse.jdt.internal.corext.dom.GenericVisitor::visit (6 bytes)
Event: 4343.934 Thread 0x00000192317837c0 nmethod 19593 0x0000019220904810 code [0x00000192209049c0, 0x0000019220904b88]
Event: 4343.934 Thread 0x00000192317837c0 19594       3       org.eclipse.jdt.internal.corext.dom.GenericVisitor::endVisit (6 bytes)
Event: 4343.934 Thread 0x00000192317837c0 nmethod 19594 0x0000019220904c10 code [0x0000019220904dc0, 0x0000019220904fa0]
Event: 4343.934 Thread 0x00000192317837c0 19595       3       org.eclipse.jdt.internal.corext.util.JdtFlags::isInterfaceOrAnnotationMember (8 bytes)
Event: 4343.935 Thread 0x00000192317837c0 nmethod 19595 0x0000019220905090 code [0x0000019220905240, 0x0000019220905378]
Event: 4361.493 Thread 0x00000192317837c0 19596       3       java.util.HashMap$ValueSpliterator::characteristics (28 bytes)
Event: 4361.494 Thread 0x00000192317837c0 nmethod 19596 0x0000019220905490 code [0x0000019220905640, 0x0000019220905800]
Event: 4361.495 Thread 0x000001923174ad90 19597       4       org.eclipse.core.internal.resources.Container::getFile (22 bytes)
Event: 4361.502 Thread 0x000001923174ad90 nmethod 19597 0x0000019226b7b090 code [0x0000019226b7b260, 0x0000019226b7b548]
Event: 4373.367 Thread 0x00000192317837c0 19598       3       com.google.gson.internal.bind.TypeAdapters$32$1::read (89 bytes)
Event: 4373.369 Thread 0x00000192317837c0 nmethod 19598 0x0000019220905890 code [0x0000019220905ba0, 0x00000192209068b8]
Event: 4373.369 Thread 0x00000192317837c0 19599       3       org.eclipse.core.internal.resources.DelayedSnapshotJob::belongsTo (17 bytes)
Event: 4373.369 Thread 0x00000192317837c0 nmethod 19599 0x0000019220906e10 code [0x0000019220906fc0, 0x0000019220907170]
Event: 4373.372 Thread 0x000001923174ad90 19600       4       java.net.URI::needsNormalization (184 bytes)
Event: 4373.386 Thread 0x000001923174ad90 nmethod 19600 0x0000019226b7b910 code [0x0000019226b7bb00, 0x0000019226b7c090]

GC Heap History (20 events):
Event: 4343.360 GC heap before
{Heap before GC invocations=2584 (full 4):
 PSYoungGen      total 5632K, used 5216K [0x00000000d5580000, 0x00000000d6000000, 0x0000000100000000)
  eden space 2560K, 100% used [0x00000000d5580000,0x00000000d5800000,0x00000000d5800000)
  from space 3072K, 86% used [0x00000000d5d00000,0x00000000d5f98000,0x00000000d6000000)
  to   space 3584K, 0% used [0x00000000d5900000,0x00000000d5900000,0x00000000d5c80000)
 ParOldGen       total 1041920K, used 1041879K [0x0000000080000000, 0x00000000bf980000, 0x00000000d5580000)
  object space 1041920K, 99% used [0x0000000080000000,0x00000000bf975ca8,0x00000000bf980000)
 Metaspace       used 84907K, committed 86656K, reserved 1179648K
  class space    used 8817K, committed 9600K, reserved 1048576K
}
Event: 4343.365 GC heap after
{Heap after GC invocations=2584 (full 4):
 PSYoungGen      total 5632K, used 2656K [0x00000000d5580000, 0x00000000d5e00000, 0x0000000100000000)
  eden space 2560K, 0% used [0x00000000d5580000,0x00000000d5580000,0x00000000d5800000)
  from space 3072K, 86% used [0x00000000d5900000,0x00000000d5b98000,0x00000000d5c00000)
  to   space 2048K, 0% used [0x00000000d5c00000,0x00000000d5c00000,0x00000000d5e00000)
 ParOldGen       total 1044480K, used 1044471K [0x0000000080000000, 0x00000000bfc00000, 0x00000000d5580000)
  object space 1044480K, 99% used [0x0000000080000000,0x00000000bfbfdca8,0x00000000bfc00000)
 Metaspace       used 84907K, committed 86656K, reserved 1179648K
  class space    used 8817K, committed 9600K, reserved 1048576K
}
Event: 4343.413 GC heap before
{Heap before GC invocations=2585 (full 4):
 PSYoungGen      total 5632K, used 5111K [0x00000000d5580000, 0x00000000d5e00000, 0x0000000100000000)
  eden space 2560K, 95% used [0x00000000d5580000,0x00000000d57e5fe8,0x00000000d5800000)
  from space 3072K, 86% used [0x00000000d5900000,0x00000000d5b98000,0x00000000d5c00000)
  to   space 2048K, 0% used [0x00000000d5c00000,0x00000000d5c00000,0x00000000d5e00000)
 ParOldGen       total 1044480K, used 1044471K [0x0000000080000000, 0x00000000bfc00000, 0x00000000d5580000)
  object space 1044480K, 99% used [0x0000000080000000,0x00000000bfbfdca8,0x00000000bfc00000)
 Metaspace       used 84907K, committed 86656K, reserved 1179648K
  class space    used 8817K, committed 9600K, reserved 1048576K
}
Event: 4343.421 GC heap after
{Heap after GC invocations=2585 (full 4):
 PSYoungGen      total 3584K, used 2048K [0x00000000d5580000, 0x00000000d6200000, 0x0000000100000000)
  eden space 1536K, 0% used [0x00000000d5580000,0x00000000d5580000,0x00000000d5700000)
  from space 2048K, 100% used [0x00000000d5c00000,0x00000000d5e00000,0x00000000d5e00000)
  to   space 5120K, 0% used [0x00000000d5700000,0x00000000d5700000,0x00000000d5c00000)
 ParOldGen       total 1047552K, used 1047103K [0x0000000080000000, 0x00000000bff00000, 0x00000000d5580000)
  object space 1047552K, 99% used [0x0000000080000000,0x00000000bfe8fca8,0x00000000bff00000)
 Metaspace       used 84907K, committed 86656K, reserved 1179648K
  class space    used 8817K, committed 9600K, reserved 1048576K
}
Event: 4343.483 GC heap before
{Heap before GC invocations=2586 (full 4):
 PSYoungGen      total 3584K, used 3002K [0x00000000d5580000, 0x00000000d6200000, 0x0000000100000000)
  eden space 1536K, 62% used [0x00000000d5580000,0x00000000d566ea10,0x00000000d5700000)
  from space 2048K, 100% used [0x00000000d5c00000,0x00000000d5e00000,0x00000000d5e00000)
  to   space 5120K, 0% used [0x00000000d5700000,0x00000000d5700000,0x00000000d5c00000)
 ParOldGen       total 1047552K, used 1047103K [0x0000000080000000, 0x00000000bff00000, 0x00000000d5580000)
  object space 1047552K, 99% used [0x0000000080000000,0x00000000bfe8fca8,0x00000000bff00000)
 Metaspace       used 84907K, committed 86656K, reserved 1179648K
  class space    used 8817K, committed 9600K, reserved 1048576K
}
Event: 4343.491 GC heap after
{Heap after GC invocations=2586 (full 4):
 PSYoungGen      total 3072K, used 1040K [0x00000000d5580000, 0x00000000d5c80000, 0x0000000100000000)
  eden space 1536K, 0% used [0x00000000d5580000,0x00000000d5580000,0x00000000d5700000)
  from space 1536K, 67% used [0x00000000d5700000,0x00000000d5804000,0x00000000d5880000)
  to   space 2560K, 0% used [0x00000000d5a00000,0x00000000d5a00000,0x00000000d5c80000)
 ParOldGen       total 1049088K, used 1048807K [0x0000000080000000, 0x00000000c0080000, 0x00000000d5580000)
  object space 1049088K, 99% used [0x0000000080000000,0x00000000c0039ca8,0x00000000c0080000)
 Metaspace       used 84907K, committed 86656K, reserved 1179648K
  class space    used 8817K, committed 9600K, reserved 1048576K
}
Event: 4343.542 GC heap before
{Heap before GC invocations=2587 (full 4):
 PSYoungGen      total 3072K, used 2575K [0x00000000d5580000, 0x00000000d5c80000, 0x0000000100000000)
  eden space 1536K, 99% used [0x00000000d5580000,0x00000000d56ffff0,0x00000000d5700000)
  from space 1536K, 67% used [0x00000000d5700000,0x00000000d5804000,0x00000000d5880000)
  to   space 2560K, 0% used [0x00000000d5a00000,0x00000000d5a00000,0x00000000d5c80000)
 ParOldGen       total 1049088K, used 1048807K [0x0000000080000000, 0x00000000c0080000, 0x00000000d5580000)
  object space 1049088K, 99% used [0x0000000080000000,0x00000000c0039ca8,0x00000000c0080000)
 Metaspace       used 84907K, committed 86656K, reserved 1179648K
  class space    used 8817K, committed 9600K, reserved 1048576K
}
Event: 4343.547 GC heap after
{Heap after GC invocations=2587 (full 4):
 PSYoungGen      total 4096K, used 2336K [0x00000000d5580000, 0x00000000d5d00000, 0x0000000100000000)
  eden space 1536K, 0% used [0x00000000d5580000,0x00000000d5580000,0x00000000d5700000)
  from space 2560K, 91% used [0x00000000d5a00000,0x00000000d5c48000,0x00000000d5c80000)
  to   space 3072K, 0% used [0x00000000d5700000,0x00000000d5700000,0x00000000d5a00000)
 ParOldGen       total 1050112K, used 1050095K [0x0000000080000000, 0x00000000c0180000, 0x00000000d5580000)
  object space 1050112K, 99% used [0x0000000080000000,0x00000000c017bca8,0x00000000c0180000)
 Metaspace       used 84907K, committed 86656K, reserved 1179648K
  class space    used 8817K, committed 9600K, reserved 1048576K
}
Event: 4343.555 GC heap before
{Heap before GC invocations=2588 (full 4):
 PSYoungGen      total 4096K, used 3872K [0x00000000d5580000, 0x00000000d5d00000, 0x0000000100000000)
  eden space 1536K, 100% used [0x00000000d5580000,0x00000000d5700000,0x00000000d5700000)
  from space 2560K, 91% used [0x00000000d5a00000,0x00000000d5c48000,0x00000000d5c80000)
  to   space 3072K, 0% used [0x00000000d5700000,0x00000000d5700000,0x00000000d5a00000)
 ParOldGen       total 1050112K, used 1050095K [0x0000000080000000, 0x00000000c0180000, 0x00000000d5580000)
  object space 1050112K, 99% used [0x0000000080000000,0x00000000c017bca8,0x00000000c0180000)
 Metaspace       used 84907K, committed 86656K, reserved 1179648K
  class space    used 8817K, committed 9600K, reserved 1048576K
}
Event: 4343.560 GC heap after
{Heap after GC invocations=2588 (full 4):
 PSYoungGen      total 2048K, used 400K [0x00000000d5580000, 0x00000000d5a80000, 0x0000000100000000)
  eden space 1536K, 0% used [0x00000000d5580000,0x00000000d5580000,0x00000000d5700000)
  from space 512K, 78% used [0x00000000d5700000,0x00000000d5764010,0x00000000d5780000)
  to   space 1536K, 0% used [0x00000000d5900000,0x00000000d5900000,0x00000000d5a80000)
 ParOldGen       total 1053696K, used 1052923K [0x0000000080000000, 0x00000000c0500000, 0x00000000d5580000)
  object space 1053696K, 99% used [0x0000000080000000,0x00000000c043eea8,0x00000000c0500000)
 Metaspace       used 84907K, committed 86656K, reserved 1179648K
  class space    used 8817K, committed 9600K, reserved 1048576K
}
Event: 4343.566 GC heap before
{Heap before GC invocations=2589 (full 4):
 PSYoungGen      total 2048K, used 1935K [0x00000000d5580000, 0x00000000d5a80000, 0x0000000100000000)
  eden space 1536K, 99% used [0x00000000d5580000,0x00000000d56fffc8,0x00000000d5700000)
  from space 512K, 78% used [0x00000000d5700000,0x00000000d5764010,0x00000000d5780000)
  to   space 1536K, 0% used [0x00000000d5900000,0x00000000d5900000,0x00000000d5a80000)
 ParOldGen       total 1053696K, used 1052923K [0x0000000080000000, 0x00000000c0500000, 0x00000000d5580000)
  object space 1053696K, 99% used [0x0000000080000000,0x00000000c043eea8,0x00000000c0500000)
 Metaspace       used 84907K, committed 86656K, reserved 1179648K
  class space    used 8817K, committed 9600K, reserved 1048576K
}
Event: 4343.570 GC heap after
{Heap after GC invocations=2589 (full 4):
 PSYoungGen      total 2560K, used 224K [0x00000000d5580000, 0x00000000d5980000, 0x0000000100000000)
  eden space 2048K, 0% used [0x00000000d5580000,0x00000000d5580000,0x00000000d5780000)
  from space 512K, 43% used [0x00000000d5900000,0x00000000d5938000,0x00000000d5980000)
  to   space 512K, 0% used [0x00000000d5880000,0x00000000d5880000,0x00000000d5900000)
 ParOldGen       total 1053696K, used 1053211K [0x0000000080000000, 0x00000000c0500000, 0x00000000d5580000)
  object space 1053696K, 99% used [0x0000000080000000,0x00000000c0486eb8,0x00000000c0500000)
 Metaspace       used 84907K, committed 86656K, reserved 1179648K
  class space    used 8817K, committed 9600K, reserved 1048576K
}
Event: 4343.580 GC heap before
{Heap before GC invocations=2590 (full 4):
 PSYoungGen      total 2560K, used 2272K [0x00000000d5580000, 0x00000000d5980000, 0x0000000100000000)
  eden space 2048K, 100% used [0x00000000d5580000,0x00000000d5780000,0x00000000d5780000)
  from space 512K, 43% used [0x00000000d5900000,0x00000000d5938000,0x00000000d5980000)
  to   space 512K, 0% used [0x00000000d5880000,0x00000000d5880000,0x00000000d5900000)
 ParOldGen       total 1053696K, used 1053211K [0x0000000080000000, 0x00000000c0500000, 0x00000000d5580000)
  object space 1053696K, 99% used [0x0000000080000000,0x00000000c0486eb8,0x00000000c0500000)
 Metaspace       used 84907K, committed 86656K, reserved 1179648K
  class space    used 8817K, committed 9600K, reserved 1048576K
}
Event: 4343.582 GC heap after
{Heap after GC invocations=2590 (full 4):
 PSYoungGen      total 3072K, used 320K [0x00000000d5580000, 0x00000000d5980000, 0x0000000100000000)
  eden space 2560K, 0% used [0x00000000d5580000,0x00000000d5580000,0x00000000d5800000)
  from space 512K, 62% used [0x00000000d5880000,0x00000000d58d0000,0x00000000d5900000)
  to   space 512K, 0% used [0x00000000d5900000,0x00000000d5900000,0x00000000d5980000)
 ParOldGen       total 1053696K, used 1053331K [0x0000000080000000, 0x00000000c0500000, 0x00000000d5580000)
  object space 1053696K, 99% used [0x0000000080000000,0x00000000c04a4eb8,0x00000000c0500000)
 Metaspace       used 84907K, committed 86656K, reserved 1179648K
  class space    used 8817K, committed 9600K, reserved 1048576K
}
Event: 4343.609 GC heap before
{Heap before GC invocations=2591 (full 4):
 PSYoungGen      total 3072K, used 2880K [0x00000000d5580000, 0x00000000d5980000, 0x0000000100000000)
  eden space 2560K, 100% used [0x00000000d5580000,0x00000000d5800000,0x00000000d5800000)
  from space 512K, 62% used [0x00000000d5880000,0x00000000d58d0000,0x00000000d5900000)
  to   space 512K, 0% used [0x00000000d5900000,0x00000000d5900000,0x00000000d5980000)
 ParOldGen       total 1053696K, used 1053331K [0x0000000080000000, 0x00000000c0500000, 0x00000000d5580000)
  object space 1053696K, 99% used [0x0000000080000000,0x00000000c04a4eb8,0x00000000c0500000)
 Metaspace       used 84922K, committed 86656K, reserved 1179648K
  class space    used 8817K, committed 9600K, reserved 1048576K
}
Event: 4343.613 GC heap after
{Heap after GC invocations=2591 (full 4):
 PSYoungGen      total 3072K, used 500K [0x00000000d5580000, 0x00000000d5a00000, 0x0000000100000000)
  eden space 2560K, 0% used [0x00000000d5580000,0x00000000d5580000,0x00000000d5800000)
  from space 512K, 97% used [0x00000000d5900000,0x00000000d597d200,0x00000000d5980000)
  to   space 1024K, 0% used [0x00000000d5800000,0x00000000d5800000,0x00000000d5900000)
 ParOldGen       total 1053696K, used 1053539K [0x0000000080000000, 0x00000000c0500000, 0x00000000d5580000)
  object space 1053696K, 99% used [0x0000000080000000,0x00000000c04d8ed8,0x00000000c0500000)
 Metaspace       used 84922K, committed 86656K, reserved 1179648K
  class space    used 8817K, committed 9600K, reserved 1048576K
}
Event: 4343.622 GC heap before
{Heap before GC invocations=2592 (full 4):
 PSYoungGen      total 3072K, used 3060K [0x00000000d5580000, 0x00000000d5a00000, 0x0000000100000000)
  eden space 2560K, 100% used [0x00000000d5580000,0x00000000d5800000,0x00000000d5800000)
  from space 512K, 97% used [0x00000000d5900000,0x00000000d597d200,0x00000000d5980000)
  to   space 1024K, 0% used [0x00000000d5800000,0x00000000d5800000,0x00000000d5900000)
 ParOldGen       total 1053696K, used 1053539K [0x0000000080000000, 0x00000000c0500000, 0x00000000d5580000)
  object space 1053696K, 99% used [0x0000000080000000,0x00000000c04d8ed8,0x00000000c0500000)
 Metaspace       used 84922K, committed 86656K, reserved 1179648K
  class space    used 8817K, committed 9600K, reserved 1048576K
}
Event: 4343.624 GC heap after
{Heap after GC invocations=2592 (full 4):
 PSYoungGen      total 3584K, used 512K [0x00000000d5580000, 0x00000000d5a00000, 0x0000000100000000)
  eden space 2560K, 0% used [0x00000000d5580000,0x00000000d5580000,0x00000000d5800000)
  from space 1024K, 50% used [0x00000000d5800000,0x00000000d5880000,0x00000000d5900000)
  to   space 1024K, 0% used [0x00000000d5900000,0x00000000d5900000,0x00000000d5a00000)
 ParOldGen       total 1054208K, used 1053936K [0x0000000080000000, 0x00000000c0580000, 0x00000000d5580000)
  object space 1054208K, 99% used [0x0000000080000000,0x00000000c053c0e8,0x00000000c0580000)
 Metaspace       used 84922K, committed 86656K, reserved 1179648K
  class space    used 8817K, committed 9600K, reserved 1048576K
}
Event: 4343.638 GC heap before
{Heap before GC invocations=2593 (full 4):
 PSYoungGen      total 3584K, used 3072K [0x00000000d5580000, 0x00000000d5a00000, 0x0000000100000000)
  eden space 2560K, 100% used [0x00000000d5580000,0x00000000d5800000,0x00000000d5800000)
  from space 1024K, 50% used [0x00000000d5800000,0x00000000d5880000,0x00000000d5900000)
  to   space 1024K, 0% used [0x00000000d5900000,0x00000000d5900000,0x00000000d5a00000)
 ParOldGen       total 1054208K, used 1053936K [0x0000000080000000, 0x00000000c0580000, 0x00000000d5580000)
  object space 1054208K, 99% used [0x0000000080000000,0x00000000c053c0e8,0x00000000c0580000)
 Metaspace       used 84922K, committed 86656K, reserved 1179648K
  class space    used 8817K, committed 9600K, reserved 1048576K
}
Event: 4343.640 GC heap after
{Heap after GC invocations=2593 (full 4):
 PSYoungGen      total 3072K, used 320K [0x00000000d5580000, 0x00000000d5980000, 0x0000000100000000)
  eden space 2560K, 0% used [0x00000000d5580000,0x00000000d5580000,0x00000000d5800000)
  from space 512K, 62% used [0x00000000d5900000,0x00000000d5950000,0x00000000d5980000)
  to   space 512K, 0% used [0x00000000d5880000,0x00000000d5880000,0x00000000d5900000)
 ParOldGen       total 1054720K, used 1054352K [0x0000000080000000, 0x00000000c0600000, 0x00000000d5580000)
  object space 1054720K, 99% used [0x0000000080000000,0x00000000c05a40e8,0x00000000c0600000)
 Metaspace       used 84922K, committed 86656K, reserved 1179648K
  class space    used 8817K, committed 9600K, reserved 1048576K
}

Dll operation events (14 events):
Event: 0.062 Loaded shared library c:\Users\Atul\.vscode\extensions\redhat.java-1.54.0-win32-x64\jre\21.0.10-win32-x86_64\bin\java.dll
Event: 0.248 Loaded shared library c:\Users\Atul\.vscode\extensions\redhat.java-1.54.0-win32-x64\jre\21.0.10-win32-x86_64\bin\zip.dll
Event: 0.299 Loaded shared library C:\Users\Atul\.vscode\extensions\redhat.java-1.54.0-win32-x64\jre\21.0.10-win32-x86_64\bin\instrument.dll
Event: 0.310 Loaded shared library C:\Users\Atul\.vscode\extensions\redhat.java-1.54.0-win32-x64\jre\21.0.10-win32-x86_64\bin\net.dll
Event: 0.314 Loaded shared library C:\Users\Atul\.vscode\extensions\redhat.java-1.54.0-win32-x64\jre\21.0.10-win32-x86_64\bin\nio.dll
Event: 0.320 Loaded shared library C:\Users\Atul\.vscode\extensions\redhat.java-1.54.0-win32-x64\jre\21.0.10-win32-x86_64\bin\zip.dll
Event: 0.363 Loaded shared library C:\Users\Atul\.vscode\extensions\redhat.java-1.54.0-win32-x64\jre\21.0.10-win32-x86_64\bin\jimage.dll
Event: 0.533 Loaded shared library c:\Users\Atul\.vscode\extensions\redhat.java-1.54.0-win32-x64\jre\21.0.10-win32-x86_64\bin\verify.dll
Event: 21.490 Loaded shared library C:\Users\Atul\AppData\Roaming\Code\User\globalStorage\redhat.java\1.54.0\config_win\org.eclipse.equinox.launcher\org.eclipse.equinox.launcher.win32.win32.x86_64_1.3.0.v20260203-2149\eclipse_11919.dll
Event: 53.446 Loaded shared library C:\Users\Atul\.vscode\extensions\redhat.java-1.54.0-win32-x64\jre\21.0.10-win32-x86_64\bin\management.dll
Event: 53.454 Loaded shared library C:\Users\Atul\.vscode\extensions\redhat.java-1.54.0-win32-x64\jre\21.0.10-win32-x86_64\bin\management_ext.dll
Event: 58.082 Loaded shared library C:\Users\Atul\AppData\Local\Temp\jna-2051626\jna2842326982940947748.dll
Event: 58.661 Loaded shared library C:\Users\Atul\.vscode\extensions\redhat.java-1.54.0-win32-x64\jre\21.0.10-win32-x86_64\bin\sunmscapi.dll
Event: 59.951 Loaded shared library C:\Users\Atul\.vscode\extensions\redhat.java-1.54.0-win32-x64\jre\21.0.10-win32-x86_64\bin\extnet.dll

Deoptimization events (20 events):
Event: 4341.834 Thread 0x000001927b1d2740 DEOPT PACKING pc=0x0000019226b62bc8 sp=0x00000002fa4fd090
Event: 4341.834 Thread 0x000001927b1d2740 DEOPT UNPACKING pc=0x0000019225463aa2 sp=0x00000002fa4fd018 mode 2
Event: 4342.525 Thread 0x000001927acb09e0 Uncommon trap: trap_request=0xffffffbe fr.pc=0x0000019226b64edc relative=0x000000000000141c
Event: 4342.525 Thread 0x000001927acb09e0 Uncommon trap: reason=profile_predicate action=maybe_recompile pc=0x0000019226b64edc method=java.util.TimSort.reverseRange([Ljava/lang/Object;II)V @ 5 c2
Event: 4342.525 Thread 0x000001927acb09e0 DEOPT PACKING pc=0x0000019226b64edc sp=0x00000002fdafd630
Event: 4342.525 Thread 0x000001927acb09e0 DEOPT UNPACKING pc=0x0000019225463aa2 sp=0x00000002fdafd4e0 mode 2
Event: 4342.525 Thread 0x000001927acb09e0 Uncommon trap: trap_request=0xffffffbe fr.pc=0x0000019226b64edc relative=0x000000000000141c
Event: 4342.525 Thread 0x000001927acb09e0 Uncommon trap: reason=profile_predicate action=maybe_recompile pc=0x0000019226b64edc method=java.util.TimSort.reverseRange([Ljava/lang/Object;II)V @ 5 c2
Event: 4342.525 Thread 0x000001927acb09e0 DEOPT PACKING pc=0x0000019226b64edc sp=0x00000002fdafd6a0
Event: 4342.525 Thread 0x000001927acb09e0 DEOPT UNPACKING pc=0x0000019225463aa2 sp=0x00000002fdafd550 mode 2
Event: 4342.525 Thread 0x000001927acb09e0 Uncommon trap: trap_request=0xffffffbe fr.pc=0x0000019226b64edc relative=0x000000000000141c
Event: 4342.525 Thread 0x000001927acb09e0 Uncommon trap: reason=profile_predicate action=maybe_recompile pc=0x0000019226b64edc method=java.util.TimSort.reverseRange([Ljava/lang/Object;II)V @ 5 c2
Event: 4342.525 Thread 0x000001927acb09e0 DEOPT PACKING pc=0x0000019226b64edc sp=0x00000002fdafd540
Event: 4342.525 Thread 0x000001927acb09e0 DEOPT UNPACKING pc=0x0000019225463aa2 sp=0x00000002fdafd3f0 mode 2
Event: 4342.526 Thread 0x000001927acb09e0 Uncommon trap: trap_request=0xffffffbe fr.pc=0x0000019226b64edc relative=0x000000000000141c
Event: 4342.526 Thread 0x000001927acb09e0 Uncommon trap: reason=profile_predicate action=maybe_recompile pc=0x0000019226b64edc method=java.util.TimSort.reverseRange([Ljava/lang/Object;II)V @ 5 c2
Event: 4342.526 Thread 0x000001927acb09e0 DEOPT PACKING pc=0x0000019226b64edc sp=0x00000002fdafd5b0
Event: 4342.526 Thread 0x000001927acb09e0 DEOPT UNPACKING pc=0x0000019225463aa2 sp=0x00000002fdafd460 mode 2
Event: 4373.372 Thread 0x000001927aa612d0 DEOPT PACKING pc=0x000001921fef5441 sp=0x00000002fcdfe160
Event: 4373.372 Thread 0x000001927aa612d0 DEOPT UNPACKING pc=0x0000019225464242 sp=0x00000002fcdfd640 mode 0

Classes loaded (20 events):
Event: 1089.991 Loading class jdk/internal/module/IllegalAccessLogger
Event: 1089.991 Loading class jdk/internal/module/IllegalAccessLogger done
Event: 4198.731 Loading class jdk/internal/module/IllegalAccessLogger
Event: 4198.731 Loading class jdk/internal/module/IllegalAccessLogger done
Event: 4200.487 Loading class jdk/internal/module/IllegalAccessLogger
Event: 4200.487 Loading class jdk/internal/module/IllegalAccessLogger done
Event: 4207.228 Loading class jdk/internal/module/IllegalAccessLogger
Event: 4207.228 Loading class jdk/internal/module/IllegalAccessLogger done
Event: 4315.236 Loading class jdk/internal/module/IllegalAccessLogger
Event: 4315.236 Loading class jdk/internal/module/IllegalAccessLogger done
Event: 4317.317 Loading class jdk/internal/module/IllegalAccessLogger
Event: 4317.317 Loading class jdk/internal/module/IllegalAccessLogger done
Event: 4321.627 Loading class jdk/internal/module/IllegalAccessLogger
Event: 4321.627 Loading class jdk/internal/module/IllegalAccessLogger done
Event: 4336.544 Loading class jdk/internal/module/IllegalAccessLogger
Event: 4336.544 Loading class jdk/internal/module/IllegalAccessLogger done
Event: 4339.026 Loading class jdk/internal/module/IllegalAccessLogger
Event: 4339.026 Loading class jdk/internal/module/IllegalAccessLogger done
Event: 4342.786 Loading class jdk/internal/module/IllegalAccessLogger
Event: 4342.786 Loading class jdk/internal/module/IllegalAccessLogger done

Classes unloaded (20 events):
Event: 55.287 Thread 0x0000019231732780 Unloading class 0x00000192331a2000 'java/lang/invoke/LambdaForm$BMH+0x00000192331a2000'
Event: 55.287 Thread 0x0000019231732780 Unloading class 0x00000192331a1c00 'java/lang/invoke/LambdaForm$DMH+0x00000192331a1c00'
Event: 55.287 Thread 0x0000019231732780 Unloading class 0x00000192331a0800 'java/lang/invoke/LambdaForm$DMH+0x00000192331a0800'
Event: 58.394 Thread 0x0000019231732780 Unloading class 0x00000192332d3400 'java/lang/invoke/LambdaForm$MH+0x00000192332d3400'
Event: 58.394 Thread 0x0000019231732780 Unloading class 0x00000192332d2800 'java/lang/invoke/LambdaForm$MH+0x00000192332d2800'
Event: 58.394 Thread 0x0000019231732780 Unloading class 0x00000192332d2400 'java/lang/invoke/LambdaForm$MH+0x00000192332d2400'
Event: 58.394 Thread 0x0000019231732780 Unloading class 0x00000192332d1c00 'java/lang/invoke/LambdaForm$MH+0x00000192332d1c00'
Event: 58.394 Thread 0x0000019231732780 Unloading class 0x00000192332d1400 'java/lang/invoke/LambdaForm$DMH+0x00000192332d1400'
Event: 58.394 Thread 0x0000019231732780 Unloading class 0x00000192332d0800 'java/lang/invoke/LambdaForm$MH+0x00000192332d0800'
Event: 58.394 Thread 0x0000019231732780 Unloading class 0x00000192332c9000 'java/lang/invoke/LambdaForm$MH+0x00000192332c9000'
Event: 58.394 Thread 0x0000019231732780 Unloading class 0x00000192332c8800 'java/lang/invoke/LambdaForm$MH+0x00000192332c8800'
Event: 58.394 Thread 0x0000019231732780 Unloading class 0x00000192332c8000 'java/lang/invoke/LambdaForm$MH+0x00000192332c8000'
Event: 58.394 Thread 0x0000019231732780 Unloading class 0x00000192332c3c00 'java/lang/invoke/LambdaForm$MH+0x00000192332c3c00'
Event: 58.394 Thread 0x0000019231732780 Unloading class 0x00000192332c3000 'java/lang/invoke/LambdaForm$MH+0x00000192332c3000'
Event: 58.394 Thread 0x0000019231732780 Unloading class 0x00000192332c2800 'java/lang/invoke/LambdaForm$MH+0x00000192332c2800'
Event: 58.394 Thread 0x0000019231732780 Unloading class 0x00000192332c2400 'java/lang/invoke/LambdaForm$MH+0x00000192332c2400'
Event: 95.251 Thread 0x0000019231732780 Unloading class 0x0000019233648c00 'java/lang/invoke/LambdaForm$DMH+0x0000019233648c00'
Event: 95.251 Thread 0x0000019231732780 Unloading class 0x0000019233648800 'java/lang/invoke/LambdaForm$DMH+0x0000019233648800'
Event: 95.251 Thread 0x0000019231732780 Unloading class 0x0000019233648400 'java/lang/invoke/LambdaForm$DMH+0x0000019233648400'
Event: 95.251 Thread 0x0000019231732780 Unloading class 0x0000019233648000 'java/lang/invoke/LambdaForm$DMH+0x0000019233648000'

Classes redefined (0 events):
No events

Internal exceptions (20 events):
Event: 4200.335 Thread 0x0000019279873a80 Exception <a 'sun/nio/fs/WindowsException'{0x00000000d5822010}> (0x00000000d5822010) 
thrown [s\src\hotspot\share\prims\jni.cpp, line 520]
Event: 4200.763 Thread 0x0000019279873a80 Exception <a 'sun/nio/fs/WindowsException'{0x00000000d55f3738}> (0x00000000d55f3738) 
thrown [s\src\hotspot\share\prims\jni.cpp, line 520]
Event: 4207.070 Thread 0x0000019279873a80 Exception <a 'sun/nio/fs/WindowsException'{0x00000000d55b5368}> (0x00000000d55b5368) 
thrown [s\src\hotspot\share\prims\jni.cpp, line 520]
Event: 4207.496 Thread 0x0000019279873a80 Exception <a 'sun/nio/fs/WindowsException'{0x00000000d563fa40}> (0x00000000d563fa40) 
thrown [s\src\hotspot\share\prims\jni.cpp, line 520]
Event: 4215.779 Thread 0x000001927aa61960 Exception <a 'sun/nio/fs/WindowsException'{0x00000000d5806848}> (0x00000000d5806848) 
thrown [s\src\hotspot\share\prims\jni.cpp, line 520]
Event: 4215.779 Thread 0x000001927aa61960 Exception <a 'sun/nio/fs/WindowsException'{0x00000000d5807330}> (0x00000000d5807330) 
thrown [s\src\hotspot\share\prims\jni.cpp, line 520]
Event: 4315.085 Thread 0x0000019279873a80 Exception <a 'sun/nio/fs/WindowsException'{0x00000000d57a6128}> (0x00000000d57a6128) 
thrown [s\src\hotspot\share\prims\jni.cpp, line 520]
Event: 4315.862 Thread 0x0000019279873a80 Exception <a 'sun/nio/fs/WindowsException'{0x00000000d562bc18}> (0x00000000d562bc18) 
thrown [s\src\hotspot\share\prims\jni.cpp, line 520]
Event: 4316.695 Thread 0x000001927aa60c40 Exception <a 'java/lang/ArrayIndexOutOfBoundsException'{0x00000000d5743cd0}> (0x00000000d5743cd0) 
thrown [s\src\hotspot\share\runtime\sharedRuntime.cpp, line 625]
Event: 4317.334 Thread 0x0000019279873a80 Exception <a 'sun/nio/fs/WindowsException'{0x00000000d56408e8}> (0x00000000d56408e8) 
thrown [s\src\hotspot\share\prims\jni.cpp, line 520]
Event: 4318.267 Thread 0x0000019279873a80 Exception <a 'sun/nio/fs/WindowsException'{0x00000000d56d3c18}> (0x00000000d56d3c18) 
thrown [s\src\hotspot\share\prims\jni.cpp, line 520]
Event: 4321.577 Thread 0x0000019279873a80 Exception <a 'sun/nio/fs/WindowsException'{0x00000000d55ae418}> (0x00000000d55ae418) 
thrown [s\src\hotspot\share\prims\jni.cpp, line 520]
Event: 4322.243 Thread 0x0000019279873a80 Exception <a 'sun/nio/fs/WindowsException'{0x00000000d57bbfd8}> (0x00000000d57bbfd8) 
thrown [s\src\hotspot\share\prims\jni.cpp, line 520]
Event: 4336.592 Thread 0x0000019279873a80 Exception <a 'sun/nio/fs/WindowsException'{0x00000000d5603a90}> (0x00000000d5603a90) 
thrown [s\src\hotspot\share\prims\jni.cpp, line 520]
Event: 4337.562 Thread 0x0000019279873a80 Exception <a 'sun/nio/fs/WindowsException'{0x00000000d55adfa0}> (0x00000000d55adfa0) 
thrown [s\src\hotspot\share\prims\jni.cpp, line 520]
Event: 4338.838 Thread 0x000001927aa60c40 Exception <a 'java/lang/ArrayIndexOutOfBoundsException'{0x00000000d576f308}> (0x00000000d576f308) 
thrown [s\src\hotspot\share\runtime\sharedRuntime.cpp, line 625]
Event: 4339.024 Thread 0x0000019279873a80 Exception <a 'sun/nio/fs/WindowsException'{0x00000000d5610328}> (0x00000000d5610328) 
thrown [s\src\hotspot\share\prims\jni.cpp, line 520]
Event: 4340.053 Thread 0x0000019279873a80 Exception <a 'sun/nio/fs/WindowsException'{0x00000000d56d3c18}> (0x00000000d56d3c18) 
thrown [s\src\hotspot\share\prims\jni.cpp, line 520]
Event: 4342.810 Thread 0x0000019279873a80 Exception <a 'sun/nio/fs/WindowsException'{0x00000000d5582fd8}> (0x00000000d5582fd8) 
thrown [s\src\hotspot\share\prims\jni.cpp, line 520]
Event: 4343.608 Thread 0x0000019279873a80 Exception <a 'sun/nio/fs/WindowsException'{0x00000000d5753530}> (0x00000000d5753530) 
thrown [s\src\hotspot\share\prims\jni.cpp, line 520]

ZGC Phase Switch (0 events):
No events

VM Operations (20 events):
Event: 4343.542 Executing safepoint VM operation: ParallelGCFailedAllocation (Allocation Failure)
Event: 4343.547 Executing safepoint VM operation: ParallelGCFailedAllocation (Allocation Failure) done
Event: 4343.555 Executing safepoint VM operation: ParallelGCFailedAllocation (Allocation Failure)
Event: 4343.561 Executing safepoint VM operation: ParallelGCFailedAllocation (Allocation Failure) done
Event: 4343.565 Executing safepoint VM operation: ParallelGCFailedAllocation (Allocation Failure)
Event: 4343.570 Executing safepoint VM operation: ParallelGCFailedAllocation (Allocation Failure) done
Event: 4343.580 Executing safepoint VM operation: ParallelGCFailedAllocation (Allocation Failure)
Event: 4343.583 Executing safepoint VM operation: ParallelGCFailedAllocation (Allocation Failure) done
Event: 4343.609 Executing safepoint VM operation: ParallelGCFailedAllocation (Allocation Failure)
Event: 4343.613 Executing safepoint VM operation: ParallelGCFailedAllocation (Allocation Failure) done
Event: 4343.622 Executing safepoint VM operation: ParallelGCFailedAllocation (Allocation Failure)
Event: 4343.624 Executing safepoint VM operation: ParallelGCFailedAllocation (Allocation Failure) done
Event: 4343.638 Executing safepoint VM operation: ParallelGCFailedAllocation (Allocation Failure)
Event: 4343.640 Executing safepoint VM operation: ParallelGCFailedAllocation (Allocation Failure) done
Event: 4344.644 Executing safepoint VM operation: Cleanup
Event: 4344.644 Executing safepoint VM operation: Cleanup done
Event: 4366.758 Executing non-safepoint VM operation: HandshakeAllThreads (HandshakeForDeflation)
Event: 4366.758 Executing non-safepoint VM operation: HandshakeAllThreads (HandshakeForDeflation) done
Event: 4366.758 Executing non-safepoint VM operation: RendezvousGCThreads
Event: 4366.758 Executing non-safepoint VM operation: RendezvousGCThreads done

Memory protections (0 events):
No events

Nmethod flushes (20 events):
Event: 1037.707 Thread 0x0000019231732780 flushing  nmethod 0x000001921ef79d10
Event: 1037.707 Thread 0x0000019231732780 flushing  nmethod 0x000001921ef8e990
Event: 1037.707 Thread 0x0000019231732780 flushing  nmethod 0x000001921ef9bd90
Event: 1037.707 Thread 0x0000019231732780 flushing  nmethod 0x000001921efe8310
Event: 1037.707 Thread 0x0000019231732780 flushing  nmethod 0x000001921f025a10
Event: 1037.707 Thread 0x0000019231732780 flushing  nmethod 0x000001921f031d10
Event: 1037.707 Thread 0x0000019231732780 flushing  nmethod 0x000001921f04a410
Event: 1037.707 Thread 0x0000019231732780 flushing  nmethod 0x000001921f060790
Event: 1037.707 Thread 0x0000019231732780 flushing  nmethod 0x000001921f063310
Event: 1037.707 Thread 0x0000019231732780 flushing  nmethod 0x000001921f0b6390
Event: 1037.707 Thread 0x0000019231732780 flushing  nmethod 0x000001921f101190
Event: 1037.707 Thread 0x0000019231732780 flushing  nmethod 0x000001921f102210
Event: 1037.707 Thread 0x0000019231732780 flushing  nmethod 0x000001921f102690
Event: 1037.707 Thread 0x0000019231732780 flushing  nmethod 0x000001921f104010
Event: 1037.707 Thread 0x0000019231732780 flushing  nmethod 0x000001921f130b10
Event: 1037.707 Thread 0x0000019231732780 flushing osr nmethod 0x000001921f137990
Event: 1037.707 Thread 0x0000019231732780 flushing  nmethod 0x000001921f13a890
Event: 1037.707 Thread 0x0000019231732780 flushing  nmethod 0x000001921f140990
Event: 1037.707 Thread 0x0000019231732780 flushing  nmethod 0x000001921f1f4c10
Event: 1037.707 Thread 0x0000019231732780 flushing  nmethod 0x000001921f1f5090

Events (20 events):
Event: 4215.777 Thread 0x000001927b1d6250 Thread exited: 0x000001927b1d6250
Event: 4215.780 Thread 0x000001927aa61960 Thread added: 0x000001927b1cffe0
Event: 4215.781 Thread 0x000001927b1cffe0 Thread exited: 0x000001927b1cffe0
Event: 4267.075 Thread 0x000001927aa62d10 Thread exited: 0x000001927aa62d10
Event: 4267.272 Thread 0x000001927aa640c0 Thread exited: 0x000001927aa640c0
Event: 4275.919 Thread 0x000001927aa5d7c0 Thread exited: 0x000001927aa5d7c0
Event: 4275.919 Thread 0x000001927aa61960 Thread exited: 0x000001927aa61960
Event: 4275.935 Thread 0x000001927aa5de50 Thread exited: 0x000001927aa5de50
Event: 4275.966 Thread 0x000001927b1cf950 Thread exited: 0x000001927b1cf950
Event: 4315.018 Thread 0x000001927aa63a30 Thread added: 0x000001927b1d2740
Event: 4315.180 Thread 0x000001927b1d3af0 Thread added: 0x000001927b1d4ea0
Event: 4315.236 Thread 0x000001927b1d3af0 Thread added: 0x000001927b1d6250
Event: 4317.062 Thread 0x000001927aa63a30 Thread added: 0x000001927b1cf950
Event: 4317.219 Thread 0x000001927aa63a30 Thread added: 0x000001927b1cffe0
Event: 4321.558 Thread 0x000001927b1d3af0 Thread added: 0x000001927aa61960
Event: 4321.862 Thread 0x000001927aa63a30 Thread added: 0x000001927aa62d10
Event: 4337.585 Thread 0x000001927acb09e0 Thread added: 0x000001927aa640c0
Event: 4342.692 Thread 0x000001927aa63a30 Thread added: 0x000001927aa5d7c0
Event: 4342.791 Thread 0x00000192317837c0 Thread added: 0x000001927f6b4f90
Event: 4343.547 Thread 0x000001927f6b4f90 Thread exited: 0x000001927f6b4f90


Dynamic libraries:
0x00007ff740290000 - 0x00007ff74029e000 	c:\Users\Atul\.vscode\extensions\redhat.java-1.54.0-win32-x64\jre\21.0.10-win32-x86_64\bin\java.exe
0x00007ff953bb0000 - 0x00007ff953da8000 	C:\WINDOWS\SYSTEM32\ntdll.dll
0x00007ff952340000 - 0x00007ff952402000 	C:\WINDOWS\System32\KERNEL32.DLL
0x00007ff951500000 - 0x00007ff9517f6000 	C:\WINDOWS\System32\KERNELBASE.dll
0x00007ff951880000 - 0x00007ff951980000 	C:\WINDOWS\System32\ucrtbase.dll
0x00007ff9313c0000 - 0x00007ff9313d8000 	c:\Users\Atul\.vscode\extensions\redhat.java-1.54.0-win32-x64\jre\21.0.10-win32-x86_64\bin\jli.dll
0x00007ff933690000 - 0x00007ff9336ae000 	c:\Users\Atul\.vscode\extensions\redhat.java-1.54.0-win32-x64\jre\21.0.10-win32-x86_64\bin\VCRUNTIME140.dll
0x00007ff9528a0000 - 0x00007ff952a41000 	C:\WINDOWS\System32\USER32.dll
0x00007ff951800000 - 0x00007ff951822000 	C:\WINDOWS\System32\win32u.dll
0x00007ff952310000 - 0x00007ff95233b000 	C:\WINDOWS\System32\GDI32.dll
0x00007ff93e470000 - 0x00007ff93e70b000 	C:\WINDOWS\WinSxS\amd64_microsoft.windows.common-controls_6595b64144ccf1df_6.0.19041.6456_none_60b8a6cb71f64256\COMCTL32.dll
0x00007ff951980000 - 0x00007ff951a99000 	C:\WINDOWS\System32\gdi32full.dll
0x00007ff951b30000 - 0x00007ff951bcd000 	C:\WINDOWS\System32\msvcp_win.dll
0x00007ff951bd0000 - 0x00007ff951c6e000 	C:\WINDOWS\System32\msvcrt.dll
0x00007ff9536f0000 - 0x00007ff95371f000 	C:\WINDOWS\System32\IMM32.DLL
0x00007ff949ae0000 - 0x00007ff949aec000 	c:\Users\Atul\.vscode\extensions\redhat.java-1.54.0-win32-x64\jre\21.0.10-win32-x86_64\bin\vcruntime140_1.dll
0x00007ff91eef0000 - 0x00007ff91ef7d000 	c:\Users\Atul\.vscode\extensions\redhat.java-1.54.0-win32-x64\jre\21.0.10-win32-x86_64\bin\msvcp140.dll
0x00007ff9012d0000 - 0x00007ff902071000 	c:\Users\Atul\.vscode\extensions\redhat.java-1.54.0-win32-x64\jre\21.0.10-win32-x86_64\bin\server\jvm.dll
0x00007ff9537d0000 - 0x00007ff953881000 	C:\WINDOWS\System32\ADVAPI32.dll
0x00007ff952a50000 - 0x00007ff952aef000 	C:\WINDOWS\System32\sechost.dll
0x00007ff951d80000 - 0x00007ff951ea0000 	C:\WINDOWS\System32\RPCRT4.dll
0x00007ff9512f0000 - 0x00007ff951317000 	C:\WINDOWS\System32\bcrypt.dll
0x00007ff952410000 - 0x00007ff95247b000 	C:\WINDOWS\System32\WS2_32.dll
0x00007ff9507d0000 - 0x00007ff95081b000 	C:\WINDOWS\SYSTEM32\POWRPROF.dll
0x00007ff93e440000 - 0x00007ff93e467000 	C:\WINDOWS\SYSTEM32\WINMM.dll
0x00007ff94b770000 - 0x00007ff94b77a000 	C:\WINDOWS\SYSTEM32\VERSION.dll
0x00007ff950640000 - 0x00007ff950652000 	C:\WINDOWS\SYSTEM32\UMPDC.dll
0x00007ff94fa50000 - 0x00007ff94fa62000 	C:\WINDOWS\SYSTEM32\kernel.appcore.dll
0x00007ff945a10000 - 0x00007ff945a1a000 	c:\Users\Atul\.vscode\extensions\redhat.java-1.54.0-win32-x64\jre\21.0.10-win32-x86_64\bin\jimage.dll
0x00007ff94ee50000 - 0x00007ff94f051000 	C:\WINDOWS\SYSTEM32\DBGHELP.DLL
0x00007ff93bd70000 - 0x00007ff93bda4000 	C:\WINDOWS\SYSTEM32\dbgcore.DLL
0x00007ff951aa0000 - 0x00007ff951b22000 	C:\WINDOWS\System32\bcryptPrimitives.dll
0x00007ff940050000 - 0x00007ff94005f000 	c:\Users\Atul\.vscode\extensions\redhat.java-1.54.0-win32-x64\jre\21.0.10-win32-x86_64\bin\instrument.dll
0x00007ff9313a0000 - 0x00007ff9313c0000 	c:\Users\Atul\.vscode\extensions\redhat.java-1.54.0-win32-x64\jre\21.0.10-win32-x86_64\bin\java.dll
0x00007ff952af0000 - 0x00007ff953260000 	C:\WINDOWS\System32\SHELL32.dll
0x00007ff94f290000 - 0x00007ff94fa35000 	C:\WINDOWS\SYSTEM32\windows.storage.dll
0x00007ff953380000 - 0x00007ff9536d4000 	C:\WINDOWS\System32\combase.dll
0x00007ff950c70000 - 0x00007ff950c9b000 	C:\WINDOWS\SYSTEM32\Wldp.dll
0x00007ff9527d0000 - 0x00007ff95289d000 	C:\WINDOWS\System32\OLEAUT32.dll
0x00007ff953a40000 - 0x00007ff953aed000 	C:\WINDOWS\System32\SHCORE.dll
0x00007ff951c70000 - 0x00007ff951ccb000 	C:\WINDOWS\System32\shlwapi.dll
0x00007ff951170000 - 0x00007ff951194000 	C:\WINDOWS\SYSTEM32\profapi.dll
0x00007ff930ce0000 - 0x00007ff930cf8000 	c:\Users\Atul\.vscode\extensions\redhat.java-1.54.0-win32-x64\jre\21.0.10-win32-x86_64\bin\zip.dll
0x00007ff93e7e0000 - 0x00007ff93e7f0000 	C:\Users\Atul\.vscode\extensions\redhat.java-1.54.0-win32-x64\jre\21.0.10-win32-x86_64\bin\net.dll
0x00007ff9456f0000 - 0x00007ff9457fa000 	C:\WINDOWS\SYSTEM32\WINHTTP.dll
0x00007ff9509d0000 - 0x00007ff950a3a000 	C:\WINDOWS\system32\mswsock.dll
0x00007ff92fdd0000 - 0x00007ff92fde6000 	C:\Users\Atul\.vscode\extensions\redhat.java-1.54.0-win32-x64\jre\21.0.10-win32-x86_64\bin\nio.dll
0x00007ff93dee0000 - 0x00007ff93def0000 	c:\Users\Atul\.vscode\extensions\redhat.java-1.54.0-win32-x64\jre\21.0.10-win32-x86_64\bin\verify.dll
0x00007ff92b170000 - 0x00007ff92b1b5000 	C:\Users\Atul\AppData\Roaming\Code\User\globalStorage\redhat.java\1.54.0\config_win\org.eclipse.equinox.launcher\org.eclipse.equinox.launcher.win32.win32.x86_64_1.3.0.v20260203-2149\eclipse_11919.dll
0x00007ff952640000 - 0x00007ff95276b000 	C:\WINDOWS\System32\ole32.dll
0x00007ff94b3c0000 - 0x00007ff94b3ca000 	C:\Users\Atul\.vscode\extensions\redhat.java-1.54.0-win32-x64\jre\21.0.10-win32-x86_64\bin\management.dll
0x00007ff93d270000 - 0x00007ff93d27c000 	C:\Users\Atul\.vscode\extensions\redhat.java-1.54.0-win32-x64\jre\21.0.10-win32-x86_64\bin\management_ext.dll
0x00007ff9537c0000 - 0x00007ff9537c8000 	C:\WINDOWS\System32\PSAPI.DLL
0x00007ff950bc0000 - 0x00007ff950bd8000 	C:\WINDOWS\SYSTEM32\CRYPTSP.dll
0x00007ff950280000 - 0x00007ff9502b8000 	C:\WINDOWS\system32\rsaenh.dll
0x00007ff9510f0000 - 0x00007ff95111e000 	C:\WINDOWS\SYSTEM32\USERENV.dll
0x00007ff950be0000 - 0x00007ff950bec000 	C:\WINDOWS\SYSTEM32\CRYPTBASE.dll
0x00007ff950660000 - 0x00007ff95069b000 	C:\WINDOWS\SYSTEM32\IPHLPAPI.DLL
0x00007ff953720000 - 0x00007ff953728000 	C:\WINDOWS\System32\NSI.dll
0x00007ff91eea0000 - 0x00007ff91eee9000 	C:\Users\Atul\AppData\Local\Temp\jna-2051626\jna2842326982940947748.dll
0x00007ff947170000 - 0x00007ff947187000 	C:\WINDOWS\SYSTEM32\dhcpcsvc6.DLL
0x00007ff9470e0000 - 0x00007ff9470fd000 	C:\WINDOWS\SYSTEM32\dhcpcsvc.DLL
0x00007ff93be10000 - 0x00007ff93be1e000 	C:\Users\Atul\.vscode\extensions\redhat.java-1.54.0-win32-x64\jre\21.0.10-win32-x86_64\bin\sunmscapi.dll
0x00007ff9513a0000 - 0x00007ff9514fd000 	C:\WINDOWS\System32\CRYPT32.dll
0x00007ff950ce0000 - 0x00007ff950d07000 	C:\WINDOWS\SYSTEM32\ncrypt.dll
0x00007ff950ca0000 - 0x00007ff950cdb000 	C:\WINDOWS\SYSTEM32\NTASN1.dll
0x00007ff9506a0000 - 0x00007ff95076a000 	C:\WINDOWS\SYSTEM32\DNSAPI.dll
0x00007ff948540000 - 0x00007ff94854a000 	C:\Windows\System32\rasadhlp.dll
0x00007ff940de0000 - 0x00007ff940e60000 	C:\WINDOWS\System32\fwpuclnt.dll
0x00007ff93bdb0000 - 0x00007ff93bdb9000 	C:\Users\Atul\.vscode\extensions\redhat.java-1.54.0-win32-x64\jre\21.0.10-win32-x86_64\bin\extnet.dll

JVMTI agents:
c:\Users\Atul\.vscode\extensions\redhat.java-1.54.0-win32-x64\lombok\lombok-1.18.39-4050.jar path:c:\Users\Atul\.vscode\extensions\redhat.java-1.54.0-win32-x64\jre\21.0.10-win32-x86_64\bin\instrument.dll, loaded, initialized, instrumentlib options:none

dbghelp: loaded successfully - version: 4.0.5 - missing functions: none
symbol engine: initialized successfully - sym options: 0x614 - pdb path: .;c:\Users\Atul\.vscode\extensions\redhat.java-1.54.0-win32-x64\jre\21.0.10-win32-x86_64\bin;C:\WINDOWS\SYSTEM32;C:\WINDOWS\WinSxS\amd64_microsoft.windows.common-controls_6595b64144ccf1df_6.0.19041.6456_none_60b8a6cb71f64256;c:\Users\Atul\.vscode\extensions\redhat.java-1.54.0-win32-x64\jre\21.0.10-win32-x86_64\bin\server;C:\Users\Atul\AppData\Roaming\Code\User\globalStorage\redhat.java\1.54.0\config_win\org.eclipse.equinox.launcher\org.eclipse.equinox.launcher.win32.win32.x86_64_1.3.0.v20260203-2149;C:\Users\Atul\AppData\Local\Temp\jna-2051626

VM Arguments:
jvm_args: --add-modules=ALL-SYSTEM --add-opens=java.base/java.util=ALL-UNNAMED --add-opens=java.base/java.lang=ALL-UNNAMED --add-opens=java.base/sun.nio.fs=ALL-UNNAMED -Declipse.application=org.eclipse.jdt.ls.core.id1 -Dosgi.bundles.defaultStartLevel=4 -Declipse.product=org.eclipse.jdt.ls.core.product -Djava.import.generatesMetadataFilesAtProjectRoot=false -DDetectVMInstallationsJob.disabled=true -Dfile.encoding=utf8 -XX:+UseParallelGC -XX:GCTimeRatio=4 -XX:AdaptiveSizePolicyWeight=90 -Dsun.zip.disableMemoryMapping=true -Xmx2G -Xms100m -Xlog:disable -javaagent:c:\Users\Atul\.vscode\extensions\redhat.java-1.54.0-win32-x64\lombok\lombok-1.18.39-4050.jar -XX:+HeapDumpOnOutOfMemoryError -XX:HeapDumpPath=c:\Users\Atul\AppData\Roaming\Code\User\workspaceStorage\9998c350a014ea2e6ca6e53fa989339e\redhat.java -Daether.dependencyCollector.impl=bf 
java_command: c:\Users\Atul\.vscode\extensions\redhat.java-1.54.0-win32-x64\server\plugins\org.eclipse.equinox.launcher_1.7.100.v20251111-0406.jar -configuration c:\Users\Atul\AppData\Roaming\Code\User\globalStorage\redhat.java\1.54.0\config_win -data c:\Users\Atul\AppData\Roaming\Code\User\workspaceStorage\9998c350a014ea2e6ca6e53fa989339e\redhat.java\jdt_ws --pipe=\\.\pipe\lsp-b07a0c51bcaa39695915364734936abf-sock
java_class_path (initial): c:\Users\Atul\.vscode\extensions\redhat.java-1.54.0-win32-x64\server\plugins\org.eclipse.equinox.launcher_1.7.100.v20251111-0406.jar
Launcher Type: SUN_STANDARD

[Global flags]
    uintx AdaptiveSizePolicyWeight                 = 90                                        {product} {command line}
     intx CICompilerCount                          = 4                                         {product} {ergonomic}
    uintx GCTimeRatio                              = 4                                         {product} {command line}
     bool HeapDumpOnOutOfMemoryError               = true                                   {manageable} {command line}
    ccstr HeapDumpPath                             = c:\Users\Atul\AppData\Roaming\Code\User\workspaceStorage\9998c350a014ea2e6ca6e53fa989339e\redhat.java         {manageable} {command line}
   size_t InitialHeapSize                          = 104857600                                 {product} {command line}
   size_t MaxHeapSize                              = 2147483648                                {product} {command line}
   size_t MaxNewSize                               = 715653120                                 {product} {ergonomic}
   size_t MinHeapDeltaBytes                        = 524288                                    {product} {ergonomic}
   size_t MinHeapSize                              = 104857600                                 {product} {command line}
   size_t NewSize                                  = 34603008                                  {product} {ergonomic}
    uintx NonNMethodCodeHeapSize                   = 5839372                                {pd product} {ergonomic}
    uintx NonProfiledCodeHeapSize                  = 122909434                              {pd product} {ergonomic}
   size_t OldSize                                  = 70254592                                  {product} {ergonomic}
    uintx ProfiledCodeHeapSize                     = 122909434                              {pd product} {ergonomic}
    uintx ReservedCodeCacheSize                    = 251658240                              {pd product} {ergonomic}
     bool SegmentedCodeCache                       = true                                      {product} {ergonomic}
   size_t SoftMaxHeapSize                          = 2147483648                             {manageable} {ergonomic}
     bool UseCompressedOops                        = true                           {product lp64_product} {ergonomic}
     bool UseLargePagesIndividualAllocation        = false                                  {pd product} {ergonomic}
     bool UseParallelGC                            = true                                      {product} {command line}

Logging:
Log output configuration:
 #0: stdout all=off uptime,level,tags foldmultilines=false
 #1: stderr all=off uptime,level,tags foldmultilines=false

Release file:
JAVA_VERSION="21.0.10" 
MODULES="java.base java.compiler java.datatransfer java.xml java.prefs java.desktop java.instrument java.logging java.management java.security.sasl java.naming java.rmi java.management.rmi java.net.http java.scripting java.security.jgss java.transaction.xa java.sql java.sql.rowset java.xml.crypto java.se java.smartcardio jdk.accessibility jdk.internal.jvmstat jdk.attach jdk.charsets jdk.internal.opt jdk.zipfs jdk.compiler jdk.crypto.ec jdk.crypto.cryptoki jdk.crypto.mscapi jdk.dynalink jdk.internal.ed jdk.editpad jdk.hotspot.agent jdk.httpserver jdk.internal.le jdk.internal.vm.ci jdk.internal.vm.compiler jdk.internal.vm.compiler.management jdk.jartool jdk.javadoc jdk.jcmd jdk.management jdk.management.agent jdk.jconsole jdk.jdeps jdk.jdwp.agent jdk.jdi jdk.jfr jdk.jshell jdk.jsobject jdk.jstatd jdk.localedata jdk.management.jfr jdk.naming.dns jdk.naming.rmi jdk.net jdk.nio.mapmode jdk.random jdk.sctp jdk.security.auth jdk.security.jgss jdk.unsupported jdk.unsupported.desktop jdk.xml.dom" 

Environment Variables:
PATH=C:\Program Files\Common Files\Oracle\Java\javapath;C:\Program Files\Python312\Scripts\;C:\Program Files\Python312\;C:\WINDOWS\system32;C:\WINDOWS;C:\WINDOWS\System32\Wbem;C:\WINDOWS\System32\WindowsPowerShell\v1.0\;C:\WINDOWS\System32\OpenSSH\;C:\Program Files\MongoDB\Server\8.0\bin;C:\ProgramData\chocolatey\bin;C:\Program Files\nodejs\;C:\Program Files\Git\cmd;C:\Users\Atul\AppData\Local\Programs\Python\Python310\Scripts\;C:\Users\Atul\AppData\Local\Programs\Python\Python310\;C:\Users\Atul\AppData\Local\Programs\Python\Launcher\;C:\Users\Atul\AppData\Local\Microsoft\WindowsApps;;C:\Program Files\JetBrains\IntelliJ IDEA Community Edition 2025.1.4.1\bin;;C:\Program Files\mongosh\;C:\Users\Atul\AppData\Local\Programs\Windsurf\bin;C:\Users\Atul\AppData\Local\Python\bin;C:\Users\Atul\AppData\Local\Programs\Microsoft VS Code\bin;C:\Users\Atul\AppData\Roaming\npm;C:\Users\Atul\AppData\Local\Programs\Kiro\bin;C:\Users\Atul\AppData\Local\Programs\Antigravity\bin
USERNAME=Atul
OS=Windows_NT
PROCESSOR_IDENTIFIER=Intel64 Family 6 Model 142 Stepping 10, GenuineIntel
TMP=C:\Users\Atul\AppData\Local\Temp
TEMP=C:\Users\Atul\AppData\Local\Temp




Periodic native trim disabled

---------------  S Y S T E M  ---------------

OS:
 Windows 10 , 64 bit Build 19041 (10.0.19041.5915)
OS uptime: 1 days 4:48 hours

CPU: total 8 (initial active 8) (4 cores per cpu, 2 threads per core) family 6 model 142 stepping 10 microcode 0xf0, cx8, cmov, fxsr, ht, mmx, 3dnowpref, sse, sse2, sse3, ssse3, sse4.1, sse4.2, popcnt, lzcnt, tsc, tscinvbit, avx, avx2, aes, erms, clmul, bmi1, bmi2, rtm, adx, fma, vzeroupper, clflush, clflushopt, rdtscp, f16c
Processor Information for the first 8 processors :
  Max Mhz: 1896, Current Mhz: 1696, Mhz Limit: 1687

Memory: 4k page, system-wide physical 16258M (285M free)
TotalPageFile size 22114M (AvailPageFile size 5M)
current process WorkingSet (physical memory assigned to process): 1191M, peak: 1192M
current process commit charge ("private bytes"): 1399M, peak: 1686M

vm_info: OpenJDK 64-Bit Server VM (21.0.10+7-LTS) for windows-amd64 JRE (21.0.10+7-LTS), built on 2026-01-20T00:00:00Z by "admin" with MS VC++ 17.12 (VS2022)

END.
